<?xml version="1.0" encoding="UTF-8"?>
<!-- Generated by org.testng.reporters.JUnitXMLReporter -->
<testsuite ignored="7" hostname="LAPTOP-UK6M7KPC" failures="0" tests="4" name="Surefire test" time="0.122" errors="0" timestamp="2023-09-24T15:25:49 EDT">
  <testcase classname="base.TestBase" name="@BeforeMethod initialTest" time="0.011">
    <failure type="java.lang.NullPointerException" message="Cannot invoke &amp;quot;com.aventstack.extentreports.ExtentReports.createTest(String)&amp;quot; because &amp;quot;report&amp;quot; is null">
      <![CDATA[java.lang.NullPointerException: Cannot invoke "com.aventstack.extentreports.ExtentReports.createTest(String)" because "report" is null
at reports.ExtentTestManager.createTest(ExtentTestManager.java:11)
at base.TestBase.initialTest(TestBase.java:99)
at java.base/java.util.ArrayList.forEach(ArrayList.java:1511)
... Removed 36 stack frames]]>
    </failure>
  </testcase> <!-- @BeforeMethod initialTest -->
  <testcase classname="base.TestBase" name="@BeforeMethod setUpDriver" time="0.0">
    <skipped/>
  </testcase> <!-- @BeforeMethod setUpDriver -->
  <testcase classname="base.TestBase" name="@AfterMethod afterEachTest" time="0.0">
    <skipped/>
  </testcase> <!-- @AfterMethod afterEachTest -->
  <testcase classname="base.TestBase" name="@AfterMethod tearUp" time="0.0">
    <skipped/>
  </testcase> <!-- @AfterMethod tearUp -->
  <testcase classname="base.TestBase" name="@BeforeMethod initialTest" time="0.0">
    <skipped/>
  </testcase> <!-- @BeforeMethod initialTest -->
  <testcase classname="base.TestBase" name="@BeforeMethod setUpDriver" time="0.0">
    <skipped/>
  </testcase> <!-- @BeforeMethod setUpDriver -->
  <testcase classname="base.TestBase" name="@AfterMethod afterEachTest" time="0.0">
    <skipped/>
  </testcase> <!-- @AfterMethod afterEachTest -->
  <testcase classname="base.TestBase" name="@AfterMethod tearUp" time="0.0">
    <skipped/>
  </testcase> <!-- @AfterMethod tearUp -->
  <testcase classname="quote.auto.AutoQuoteTest" name="getAutoQuoteTest" time="0.0">
    <skipped/>
  </testcase> <!-- getAutoQuoteTest -->
  <testcase classname="quote.auto.AutoQuoteTest" name="test2" time="0.0">
    <skipped/>
  </testcase> <!-- test2 -->
  <testcase classname="unit.ReadConfigUnitTest" name="getPropertiesTest" time="0.006"/>
  <testcase classname="unit.ReadFileTest" name="readFileTest" time="0.003"/>
  <testcase classname="costco.self.care.SelfCareCheckoutTest" name="costcoListTest" time="0.0">
    <ignored/>
  </testcase> <!-- costcoListTest -->
  <testcase classname="costco.self.care.SelfCareCheckoutTest" name="geico_attribute_test" time="0.0">
    <ignored/>
  </testcase> <!-- geico_attribute_test -->
  <testcase classname="costco.self.care.SelfCareCheckoutTest" name="test" time="0.0">
    <ignored/>
  </testcase> <!-- test -->
  <testcase classname="costco.self.care.SelfCareCheckoutTest" name="html_test" time="0.0">
    <ignored/>
  </testcase> <!-- html_test -->
  <testcase classname="base.TestBase" name="@AfterSuite publishReport" time="0.0">
    <ignored/>
  </testcase> <!-- @AfterSuite publishReport -->
  <testcase classname="costco.self.care.SelfCareCheckoutTest" name="checkoutTest" time="0.0">
    <ignored/>
  </testcase> <!-- checkoutTest -->
  <testcase classname="base.TestBase" name="@BeforeSuite initialReporting" time="0.0">
    <ignored/>
  </testcase> <!-- @BeforeSuite initialReporting -->
</testsuite> <!-- Surefire test -->
