<?xml version="1.0" encoding="UTF-8"?>
<!-- Generated by org.testng.reporters.JUnitXMLReporter -->
<testsuite ignored="8" hostname="LAPTOP-UK6M7KPC" failures="1" tests="1" name="Test" time="20.892" errors="0" timestamp="2023-09-24T16:47:43 EDT">
  <testcase classname="quote.auto.AutoQuoteTest" name="test2" time="14.222">
    <failure type="java.lang.AssertionError" message="null">
      <![CDATA[java.lang.AssertionError: null
at quote.auto.AutoQuoteTest.test2(AutoQuoteTest.java:49)
at java.base/java.util.ArrayList.forEach(ArrayList.java:1511)
... Removed 29 stack frames]]>
    </failure>
  </testcase> <!-- test2 -->
  <testcase classname="costco.self.care.SelfCareCheckoutTest" name="costcoListTest" time="0.0">
    <ignored/>
  </testcase> <!-- costcoListTest -->
  <testcase classname="costco.self.care.SelfCareCheckoutTest" name="html_test" time="0.0">
    <ignored/>
  </testcase> <!-- html_test -->
  <testcase classname="quote.auto.AutoQuoteTest" name="getAutoQuoteTest" time="0.0">
    <ignored/>
  </testcase> <!-- getAutoQuoteTest -->
  <testcase classname="costco.self.care.SelfCareCheckoutTest" name="geico_attribute_test" time="0.0">
    <ignored/>
  </testcase> <!-- geico_attribute_test -->
  <testcase classname="base.TestBase" name="@AfterSuite publishReport" time="0.0">
    <ignored/>
  </testcase> <!-- @AfterSuite publishReport -->
  <testcase classname="costco.self.care.SelfCareCheckoutTest" name="test" time="0.0">
    <ignored/>
  </testcase> <!-- test -->
  <testcase classname="costco.self.care.SelfCareCheckoutTest" name="checkoutTest" time="0.0">
    <ignored/>
  </testcase> <!-- checkoutTest -->
  <testcase classname="base.TestBase" name="@BeforeSuite initialReporting" time="0.0">
    <ignored/>
  </testcase> <!-- @BeforeSuite initialReporting -->
</testsuite> <!-- Test -->
