<!DOCTYPE html PUBLIC "-//W3C//DTD XHTML 1.1//EN" "https://www.w3.org/TR/xhtml11/DTD/xhtml11.dtd">
<html xmlns="https://www.w3.org/1999/xhtml">
<head>
<meta http-equiv="content-type" content="text/html; charset=UTF-8"/>
<title>TestNG Report</title>
<style type="text/css">table {margin-bottom:10px;border-collapse:collapse;empty-cells:show}th,td {border:1px solid #009;padding:.25em .5em}th {vertical-align:bottom}td {vertical-align:top}table a {font-weight:bold}.stripe td {background-color: #E6EBF9}.num {text-align:right}.passedodd td {background-color: #3F3}.passedeven td {background-color: #0A0}.skippedodd td {background-color: #DDD}.skippedeven td {background-color: #CCC}.failedodd td,.attn {background-color: #F33}.failedeven td,.stripe .attn {background-color: #D00}.stacktrace {white-space:pre;font-family:monospace}.totop {font-size:85%;text-align:center;border-bottom:2px solid #000}.invisible {display:none}</style>
</head>
<body>
<table>
<tr><th>Test</th><th># Passed</th><th># Skipped</th><th># Retried</th><th># Failed</th><th>Time (ms)</th><th>Included Groups</th><th>Excluded Groups</th></tr>
<tr><th colspan="8">Surefire suite</th></tr>
<tr><td><a href="#t0">Surefire test</a></td><td class="num">2</td><td class="num attn">2</td><td class="num">0</td><td class="num">0</td><td class="num">122</td><td></td><td></td></tr>
</table>
<table id='summary'><thead><tr><th>Class</th><th>Method</th><th>Start</th><th>Time (ms)</th></tr></thead><tbody><tr><th colspan="4">Surefire suite</th></tr></tbody><tbody id="t0"><tr><th colspan="4">Surefire test &#8212; failed (configuration methods)</th></tr><tr class="failedeven"><td rowspan="1">quote.auto.AutoQuoteTest</td><td><a href="#m0">initialTest</a></td><td rowspan="1">1695583549594</td><td rowspan="1">11</td></tr><tr><th colspan="4">Surefire test &#8212; skipped (configuration methods)</th></tr><tr class="skippedeven"><td rowspan="7">quote.auto.AutoQuoteTest</td><td><a href="#m1">afterEachTest</a></td><td rowspan="2">1695583549649</td><td rowspan="2">0</td></tr><tr class="skippedeven"><td><a href="#m2">afterEachTest</a></td></tr><tr class="skippedeven"><td><a href="#m3">initialTest</a></td><td rowspan="1">1695583549646</td><td rowspan="1">0</td></tr><tr class="skippedeven"><td><a href="#m4">setUpDriver</a></td><td rowspan="2">1695583549632</td><td rowspan="2">0</td></tr><tr class="skippedeven"><td><a href="#m5">setUpDriver</a></td></tr><tr class="skippedeven"><td><a href="#m6">tearUp</a></td><td rowspan="2">1695583549638</td><td rowspan="2">0</td></tr><tr class="skippedeven"><td><a href="#m7">tearUp</a></td></tr><tr><th colspan="4">Surefire test &#8212; skipped</th></tr><tr class="skippedeven"><td rowspan="2">quote.auto.AutoQuoteTest</td><td><a href="#m8">getAutoQuoteTest</a></td><td rowspan="1">1695583549634</td><td rowspan="1">0</td></tr><tr class="skippedeven"><td><a href="#m9">test2</a></td><td rowspan="1">1695583549648</td><td rowspan="1">0</td></tr><tr><th colspan="4">Surefire test &#8212; passed</th></tr><tr class="passedeven"><td rowspan="1">unit.ReadConfigUnitTest</td><td><a href="#m10">getPropertiesTest</a></td><td rowspan="1">1695583549652</td><td rowspan="1">6</td></tr><tr class="passedodd"><td rowspan="1">unit.ReadFileTest</td><td><a href="#m11">readFileTest</a></td><td rowspan="1">1695583549663</td><td rowspan="1">3</td></tr></tbody>
</table>
<h2>Surefire test</h2><h3 id="m0">quote.auto.AutoQuoteTest#initialTest</h3><table class="result"><tr class="param"><th>Parameter #1</th></tr><tr class="param stripe"><td>public void quote.auto.AutoQuoteTest.getAutoQuoteTest() throws java.lang.InterruptedException</td></tr><tr><th>Exception</th></tr><tr><td><div class="stacktrace">java.lang.NullPointerException: Cannot invoke &quot;com.aventstack.extentreports.ExtentReports.createTest(String)&quot; because &quot;report&quot; is null
	at reports.ExtentTestManager.createTest(ExtentTestManager.java:11)
	at base.TestBase.initialTest(TestBase.java:99)
	at java.base/java.util.ArrayList.forEach(ArrayList.java:1511)
... Removed 36 stack frames</div></td></tr></table><p class="totop"><a href="#summary">back to summary</a></p>
<h3 id="m1">quote.auto.AutoQuoteTest#afterEachTest</h3><table class="result"><tr><th class="invisible"/></tr></table><p class="totop"><a href="#summary">back to summary</a></p>
<h3 id="m2">quote.auto.AutoQuoteTest#afterEachTest</h3><table class="result"><tr><th class="invisible"/></tr></table><p class="totop"><a href="#summary">back to summary</a></p>
<h3 id="m3">quote.auto.AutoQuoteTest#initialTest</h3><table class="result"><tr><th class="invisible"/></tr></table><p class="totop"><a href="#summary">back to summary</a></p>
<h3 id="m4">quote.auto.AutoQuoteTest#setUpDriver</h3><table class="result"><tr><th class="invisible"/></tr></table><p class="totop"><a href="#summary">back to summary</a></p>
<h3 id="m5">quote.auto.AutoQuoteTest#setUpDriver</h3><table class="result"><tr><th class="invisible"/></tr></table><p class="totop"><a href="#summary">back to summary</a></p>
<h3 id="m6">quote.auto.AutoQuoteTest#tearUp</h3><table class="result"><tr><th class="invisible"/></tr></table><p class="totop"><a href="#summary">back to summary</a></p>
<h3 id="m7">quote.auto.AutoQuoteTest#tearUp</h3><table class="result"><tr><th class="invisible"/></tr></table><p class="totop"><a href="#summary">back to summary</a></p>
<h3 id="m8">quote.auto.AutoQuoteTest#getAutoQuoteTest</h3><table class="result"><tr><th>Exception</th></tr><tr><td><div class="stacktrace">java.lang.NullPointerException: Cannot invoke &quot;com.aventstack.extentreports.ExtentReports.createTest(String)&quot; because &quot;report&quot; is null
	at reports.ExtentTestManager.createTest(ExtentTestManager.java:11)
	at base.TestBase.initialTest(TestBase.java:99)
	at java.base/java.util.ArrayList.forEach(ArrayList.java:1511)
... Removed 36 stack frames</div></td></tr></table><p class="totop"><a href="#summary">back to summary</a></p>
<h3 id="m9">quote.auto.AutoQuoteTest#test2</h3><table class="result"><tr><th>Exception</th></tr><tr><td><div class="stacktrace">java.lang.NullPointerException: Cannot invoke &quot;com.aventstack.extentreports.ExtentReports.createTest(String)&quot; because &quot;report&quot; is null
	at reports.ExtentTestManager.createTest(ExtentTestManager.java:11)
	at base.TestBase.initialTest(TestBase.java:99)
	at java.base/java.util.ArrayList.forEach(ArrayList.java:1511)
... Removed 36 stack frames</div></td></tr></table><p class="totop"><a href="#summary">back to summary</a></p>
<h3 id="m10">unit.ReadConfigUnitTest#getPropertiesTest</h3><table class="result"><tr><th class="invisible"/></tr></table><p class="totop"><a href="#summary">back to summary</a></p>
<h3 id="m11">unit.ReadFileTest#readFileTest</h3><table class="result"><tr><th class="invisible"/></tr></table><p class="totop"><a href="#summary">back to summary</a></p>
</body>
</html>
