<?xml version="1.0" encoding="UTF-8"?>
<testng-results ignored="0" total="1" passed="0" failed="1" skipped="0">
  <reporter-output>
    <line>
      <![CDATA[[[ChromeDriver: chrome on windows (af12a8ac213894f8467710a5ce347cfc)] -> xpath: //input[@id='zipcodeInput']]-----> Clicked<br>]]>
    </line>
    <line>
      <![CDATA[[[ChromeDriver: chrome on windows (af12a8ac213894f8467710a5ce347cfc)] -> xpath: //input[@id='zipcodeInput']]-----> Input value:113ab<br>]]>
    </line>
    <line>
      <![CDATA[Screenshot has been successfully capture at: 
C:\Users\faraz\eclipse-workspace\costco.com\test-output\screenShots\error_test2_09_24_2023 04.47.42.png<br>]]>
    </line>
  </reporter-output>
  <suite started-at="2023-09-24T16:47:22 EDT" name="Suite" finished-at="2023-09-24T16:47:43 EDT" duration-ms="20892">
    <groups>
      <group name="regression">
        <method signature="AutoQuoteTest.test2()[pri:0, instance:quote.auto.AutoQuoteTest@451001e5]" name="test2" class="quote.auto.AutoQuoteTest"/>
      </group> <!-- regression -->
    </groups>
    <test started-at="2023-09-24T16:47:22 EDT" name="Test" finished-at="2023-09-24T16:47:43 EDT" duration-ms="20892">
      <class name="quote.auto.AutoQuoteTest">
        <test-method is-config="true" signature="initialReporting()[pri:0, instance:quote.auto.AutoQuoteTest@451001e5]" started-at="2023-09-24T16:47:22 EDT" name="initialReporting" finished-at="2023-09-24T16:47:22 EDT" duration-ms="369" status="PASS">
          <reporter-output>
          </reporter-output>
        </test-method> <!-- initialReporting -->
        <test-method is-config="true" signature="beforeClassSetUp()[pri:0, instance:quote.auto.AutoQuoteTest@451001e5]" started-at="2023-09-24T16:47:22 EDT" name="beforeClassSetUp" finished-at="2023-09-24T16:47:22 EDT" duration-ms="4" status="PASS">
          <reporter-output>
          </reporter-output>
        </test-method> <!-- beforeClassSetUp -->
        <test-method is-config="true" signature="initialTest(java.lang.reflect.Method)[pri:0, instance:quote.auto.AutoQuoteTest@451001e5]" started-at="2023-09-24T16:47:22 EDT" name="initialTest" finished-at="2023-09-24T16:47:22 EDT" duration-ms="15" status="PASS">
          <params>
            <param index="0">
              <value>
                <![CDATA[public void quote.auto.AutoQuoteTest.test2() throws java.lang.InterruptedException]]>
              </value>
            </param>
          </params>
          <reporter-output>
          </reporter-output>
        </test-method> <!-- initialTest -->
        <test-method is-config="true" signature="setUpDriver(java.lang.String)[pri:0, instance:quote.auto.AutoQuoteTest@451001e5]" started-at="2023-09-24T16:47:22 EDT" name="setUpDriver" finished-at="2023-09-24T16:47:28 EDT" duration-ms="5790" status="PASS">
          <params>
            <param index="0">
              <value>
                <![CDATA[chrome]]>
              </value>
            </param>
          </params>
          <reporter-output>
          </reporter-output>
        </test-method> <!-- setUpDriver -->
        <test-method signature="test2()[pri:0, instance:quote.auto.AutoQuoteTest@451001e5]" started-at="2023-09-24T16:47:28 EDT" name="test2" finished-at="2023-09-24T16:47:42 EDT" duration-ms="14222" status="FAIL">
          <exception class="java.lang.AssertionError">
            <message>
              <![CDATA[null]]>
            </message>
            <full-stacktrace>
              <![CDATA[java.lang.AssertionError: null
at org.testng.Assert.fail(Assert.java:111)
at org.testng.Assert.fail(Assert.java:116)
at quote.auto.AutoQuoteTest.test2(AutoQuoteTest.java:49)
at java.base/jdk.internal.reflect.NativeMethodAccessorImpl.invoke0(Native Method)
at java.base/jdk.internal.reflect.NativeMethodAccessorImpl.invoke(NativeMethodAccessorImpl.java:77)
at java.base/jdk.internal.reflect.DelegatingMethodAccessorImpl.invoke(DelegatingMethodAccessorImpl.java:43)
at java.base/java.lang.reflect.Method.invoke(Method.java:568)
at org.testng.internal.invokers.MethodInvocationHelper.invokeMethod(MethodInvocationHelper.java:139)
at org.testng.internal.invokers.TestInvoker.invokeMethod(TestInvoker.java:664)
at org.testng.internal.invokers.TestInvoker.invokeTestMethod(TestInvoker.java:227)
at org.testng.internal.invokers.MethodRunner.runInSequence(MethodRunner.java:50)
at org.testng.internal.invokers.TestInvoker$MethodInvocationAgent.invoke(TestInvoker.java:957)
at org.testng.internal.invokers.TestInvoker.invokeTestMethods(TestInvoker.java:200)
at org.testng.internal.invokers.TestMethodWorker.invokeTestMethods(TestMethodWorker.java:148)
at org.testng.internal.invokers.TestMethodWorker.run(TestMethodWorker.java:128)
at java.base/java.util.ArrayList.forEach(ArrayList.java:1511)
at org.testng.TestRunner.privateRun(TestRunner.java:848)
at org.testng.TestRunner.run(TestRunner.java:621)
at org.testng.SuiteRunner.runTest(SuiteRunner.java:443)
at org.testng.SuiteRunner.runSequentially(SuiteRunner.java:437)
at org.testng.SuiteRunner.privateRun(SuiteRunner.java:397)
at org.testng.SuiteRunner.run(SuiteRunner.java:336)
at org.testng.SuiteRunnerWorker.runSuite(SuiteRunnerWorker.java:52)
at org.testng.SuiteRunnerWorker.run(SuiteRunnerWorker.java:95)
at org.testng.TestNG.runSuitesSequentially(TestNG.java:1280)
at org.testng.TestNG.runSuitesLocally(TestNG.java:1200)
at org.testng.TestNG.runSuites(TestNG.java:1114)
at org.testng.TestNG.run(TestNG.java:1082)
at org.testng.remote.AbstractRemoteTestNG.run(AbstractRemoteTestNG.java:115)
at org.testng.remote.RemoteTestNG.initAndRun(RemoteTestNG.java:251)
at org.testng.remote.RemoteTestNG.main(RemoteTestNG.java:77)
]]>
            </full-stacktrace>
          </exception> <!-- java.lang.AssertionError -->
          <reporter-output>
            <line>
              <![CDATA[[[ChromeDriver: chrome on windows (af12a8ac213894f8467710a5ce347cfc)] -> xpath: //input[@id='zipcodeInput']]-----> Clicked<br>]]>
            </line>
            <line>
              <![CDATA[[[ChromeDriver: chrome on windows (af12a8ac213894f8467710a5ce347cfc)] -> xpath: //input[@id='zipcodeInput']]-----> Input value:113ab<br>]]>
            </line>
          </reporter-output>
        </test-method> <!-- test2 -->
        <test-method is-config="true" signature="afterEachTest(java.lang.reflect.Method,org.testng.ITestResult)[pri:0, instance:quote.auto.AutoQuoteTest@451001e5]" started-at="2023-09-24T16:47:42 EDT" name="afterEachTest" finished-at="2023-09-24T16:47:43 EDT" duration-ms="804" status="PASS">
          <params>
            <param index="0">
              <value>
                <![CDATA[public void quote.auto.AutoQuoteTest.test2() throws java.lang.InterruptedException]]>
              </value>
            </param>
            <param index="1">
              <value>
                <![CDATA[[TestResult name=test2 status=FAILURE method=AutoQuoteTest.test2()[pri:0, instance:quote.auto.AutoQuoteTest@451001e5] output=[[ChromeDriver: chrome on windows (af12a8ac213894f8467710a5ce347cfc)] -> xpath: //input[@id='zipcodeInput']]-----> Clicked<br>]]]>
              </value>
            </param>
          </params>
          <reporter-output>
            <line>
              <![CDATA[Screenshot has been successfully capture at: 
C:\Users\faraz\eclipse-workspace\costco.com\test-output\screenShots\error_test2_09_24_2023 04.47.42.png<br>]]>
            </line>
          </reporter-output>
        </test-method> <!-- afterEachTest -->
        <test-method is-config="true" signature="publishReport()[pri:0, instance:quote.auto.AutoQuoteTest@451001e5]" started-at="2023-09-24T16:47:43 EDT" name="publishReport" finished-at="2023-09-24T16:47:44 EDT" duration-ms="694" status="PASS">
          <reporter-output>
          </reporter-output>
        </test-method> <!-- publishReport -->
      </class> <!-- quote.auto.AutoQuoteTest -->
    </test> <!-- Test -->
  </suite> <!-- Suite -->
</testng-results>
